2025-09-05 13:14:00 | INFO | repo=pv243-a4m36jee-2016-security-seminar | action=edit | files=4
2025-11-20 15:16:00 | WARN | repo=pv243-a4m36jee-2016-security-seminar | action=pull
2025-03-21 18:32:00 | WARN | repo=pv243-a4m36jee-2016-security-seminar | action=pull
2025-02-02 18:39:00 | DEBUG | repo=pv243-a4m36jee-2016-security-seminar | action=commit
2025-12-03 16:23:00 | DEBUG | repo=pv243-a4m36jee-2016-security-seminar | action=edit | files=1
2025-06-26 21:45:00 | INFO | repo=pv243-a4m36jee-2016-security-seminar | action=commit
2025-02-21 07:13:00 | DEBUG | repo=pv243-a4m36jee-2016-security-seminar | action=edit | files=1
2025-11-26 10:13:00 | WARN | repo=pv243-a4m36jee-2016-security-seminar | action=commit
2025-04-13 10:07:00 | WARN | repo=pv243-a4m36jee-2016-security-seminar | action=edit | files=5
2025-07-01 19:32:00 | DEBUG | repo=pv243-a4m36jee-2016-security-seminar | action=test | passed=true
2025-06-15 08:20:00 | INFO | repo=pv243-a4m36jee-2016-security-seminar | action=commit
2025-05-18 13:52:00 | WARN | repo=pv243-a4m36jee-2016-security-seminar | action=pull
2025-06-13 20:19:00 | DEBUG | repo=pv243-a4m36jee-2016-security-seminar | action=test | passed=true
2025-01-28 21:27:00 | DEBUG | repo=pv243-a4m36jee-2016-security-seminar | action=edit | files=1
2025-06-15 20:46:00 | DEBUG | repo=pv243-a4m36jee-2016-security-seminar | action=commit
2025-04-07 12:11:00 | INFO | repo=pv243-a4m36jee-2016-security-seminar | action=commit
2025-04-18 10:57:00 | DEBUG | repo=pv243-a4m36jee-2016-security-seminar | action=commit
2025-12-02 13:16:00 | INFO | repo=pv243-a4m36jee-2016-security-seminar | action=commit
2025-09-22 11:06:00 | DEBUG | repo=pv243-a4m36jee-2016-security-seminar | action=commit
2025-06-12 17:48:00 | INFO | repo=pv243-a4m36jee-2016-security-seminar | action=commit
2025-04-04 19:40:00 | INFO | repo=pv243-a4m36jee-2016-security-seminar | action=edit | files=5
2025-06-11 13:04:00 | DEBUG | repo=pv243-a4m36jee-2016-security-seminar | action=edit | files=1
2025-12-28 12:56:00 | WARN | repo=pv243-a4m36jee-2016-security-seminar | action=commit
2025-10-23 15:51:00 | INFO | repo=pv243-a4m36jee-2016-security-seminar | action=commit
2025-12-22 09:04:00 | DEBUG | repo=pv243-a4m36jee-2016-security-seminar | action=pull
2025-12-23 14:23:00 | DEBUG | repo=pv243-a4m36jee-2016-security-seminar | action=commit
2025-04-17 13:13:00 | DEBUG | repo=pv243-a4m36jee-2016-security-seminar | action=edit | files=2
2025-08-02 07:06:00 | INFO | repo=pv243-a4m36jee-2016-security-seminar | action=commit
2025-10-15 21:28:00 | DEBUG | repo=pv243-a4m36jee-2016-security-seminar | action=commit
2025-08-09 18:54:00 | WARN | repo=pv243-a4m36jee-2016-security-seminar | action=commit
2025-05-12 12:33:00 | INFO | repo=pv243-a4m36jee-2016-security-seminar | action=commit
2025-06-16 18:27:00 | INFO | repo=pv243-a4m36jee-2016-security-seminar | action=commit
2025-11-17 17:01:00 | WARN | repo=pv243-a4m36jee-2016-security-seminar | action=edit | files=2
2025-08-23 08:13:00 | WARN | repo=pv243-a4m36jee-2016-security-seminar | action=test | passed=true
2025-02-20 20:11:00 | INFO | repo=pv243-a4m36jee-2016-security-seminar | action=commit
2025-12-22 08:06:00 | WARN | repo=pv243-a4m36jee-2016-security-seminar | action=edit | files=3
2025-03-19 14:57:00 | INFO | repo=pv243-a4m36jee-2016-security-seminar | action=commit
2025-02-09 08:52:00 | DEBUG | repo=pv243-a4m36jee-2016-security-seminar | action=test | passed=true
2025-11-16 18:58:00 | WARN | repo=pv243-a4m36jee-2016-security-seminar | action=edit | files=5
2025-01-12 21:02:00 | INFO | repo=pv243-a4m36jee-2016-security-seminar | action=commit
2025-09-12 19:23:00 | WARN | repo=pv243-a4m36jee-2016-security-seminar | action=commit
2025-11-09 07:10:00 | INFO | repo=pv243-a4m36jee-2016-security-seminar | action=commit
2025-01-05 12:12:00 | DEBUG | repo=pv243-a4m36jee-2016-security-seminar | action=pull
2025-07-16 16:28:00 | WARN | repo=pv243-a4m36jee-2016-security-seminar | action=test | passed=true
2025-05-01 19:30:00 | WARN | repo=pv243-a4m36jee-2016-security-seminar | action=commit
2025-06-14 12:03:00 | INFO | repo=pv243-a4m36jee-2016-security-seminar | action=edit | files=2
2025-01-17 11:15:00 | WARN | repo=pv243-a4m36jee-2016-security-seminar | action=edit | files=2
2025-02-18 19:11:00 | DEBUG | repo=pv243-a4m36jee-2016-security-seminar | action=commit
2025-02-15 12:02:00 | DEBUG | repo=pv243-a4m36jee-2016-security-seminar | action=commit
2025-11-12 19:02:00 | DEBUG | repo=pv243-a4m36jee-2016-security-seminar | action=commit
2025-06-14 10:31:00 | DEBUG | repo=pv243-a4m36jee-2016-security-seminar | action=commit
2025-10-02 21:56:00 | DEBUG | repo=pv243-a4m36jee-2016-security-seminar | action=test | passed=true
2025-01-26 13:24:00 | WARN | repo=pv243-a4m36jee-2016-security-seminar | action=commit
2025-02-03 14:36:00 | WARN | repo=pv243-a4m36jee-2016-security-seminar | action=commit
2025-02-09 14:09:00 | DEBUG | repo=pv243-a4m36jee-2016-security-seminar | action=pull
2025-02-21 15:00:00 | DEBUG | repo=pv243-a4m36jee-2016-security-seminar | action=pull
2025-03-14 07:35:00 | WARN | repo=pv243-a4m36jee-2016-security-seminar | action=commit
2025-06-13 17:21:00 | DEBUG | repo=pv243-a4m36jee-2016-security-seminar | action=test | passed=true
2025-11-26 07:08:00 | DEBUG | repo=pv243-a4m36jee-2016-security-seminar | action=commit
2025-07-21 14:34:00 | DEBUG | repo=pv243-a4m36jee-2016-security-seminar | action=test | passed=true
2025-09-14 13:17:00 | WARN | repo=pv243-a4m36jee-2016-security-seminar | action=commit
2025-08-20 10:44:00 | WARN | repo=pv243-a4m36jee-2016-security-seminar | action=commit
2025-05-02 21:05:00 | WARN | repo=pv243-a4m36jee-2016-security-seminar | action=commit
2025-04-05 19:33:00 | DEBUG | repo=pv243-a4m36jee-2016-security-seminar | action=edit | files=4
2025-12-22 19:32:00 | DEBUG | repo=pv243-a4m36jee-2016-security-seminar | action=test | passed=true
2025-12-13 13:49:00 | DEBUG | repo=pv243-a4m36jee-2016-security-seminar | action=test | passed=true
2025-08-12 11:30:00 | WARN | repo=pv243-a4m36jee-2016-security-seminar | action=commit
2025-05-15 20:04:00 | DEBUG | repo=pv243-a4m36jee-2016-security-seminar | action=commit
2025-02-23 07:28:00 | INFO | repo=pv243-a4m36jee-2016-security-seminar | action=commit
2025-08-11 19:42:00 | INFO | repo=pv243-a4m36jee-2016-security-seminar | action=commit
2025-01-21 14:33:00 | DEBUG | repo=pv243-a4m36jee-2016-security-seminar | action=pull
2025-11-11 07:19:00 | DEBUG | repo=pv243-a4m36jee-2016-security-seminar | action=commit
2025-07-25 11:12:00 | WARN | repo=pv243-a4m36jee-2016-security-seminar | action=commit
2025-09-04 12:33:00 | INFO | repo=pv243-a4m36jee-2016-security-seminar | action=test | passed=true
2025-03-28 09:09:00 | DEBUG | repo=pv243-a4m36jee-2016-security-seminar | action=commit
2025-09-06 12:46:00 | WARN | repo=pv243-a4m36jee-2016-security-seminar | action=commit
2025-09-22 21:20:00 | DEBUG | repo=pv243-a4m36jee-2016-security-seminar | action=commit
2025-02-07 21:52:00 | INFO | repo=pv243-a4m36jee-2016-security-seminar | action=commit
2025-08-04 18:26:00 | DEBUG | repo=pv243-a4m36jee-2016-security-seminar | action=commit
2025-05-10 14:57:00 | INFO | repo=pv243-a4m36jee-2016-security-seminar | action=commit
2025-11-13 19:03:00 | INFO | repo=pv243-a4m36jee-2016-security-seminar | action=commit
2025-09-05 13:23:00 | WARN | repo=pv243-a4m36jee-2016-security-seminar | action=commit
2025-08-04 14:42:00 | DEBUG | repo=pv243-a4m36jee-2016-security-seminar | action=pull
2025-02-25 13:05:00 | INFO | repo=pv243-a4m36jee-2016-security-seminar | action=edit | files=3
2025-04-27 19:39:00 | INFO | repo=pv243-a4m36jee-2016-security-seminar | action=edit | files=3
2025-01-27 07:31:00 | INFO | repo=pv243-a4m36jee-2016-security-seminar | action=commit
2025-07-22 07:05:00 | DEBUG | repo=pv243-a4m36jee-2016-security-seminar | action=test | passed=true
2025-02-12 17:23:00 | INFO | repo=pv243-a4m36jee-2016-security-seminar | action=commit
2025-12-28 21:20:00 | WARN | repo=pv243-a4m36jee-2016-security-seminar | action=test | passed=true
2025-08-27 12:23:00 | DEBUG | repo=pv243-a4m36jee-2016-security-seminar | action=pull
2025-01-06 16:57:00 | INFO | repo=pv243-a4m36jee-2016-security-seminar | action=pull
2025-05-05 08:12:00 | DEBUG | repo=pv243-a4m36jee-2016-security-seminar | action=edit | files=1
2025-10-23 16:09:00 | DEBUG | repo=pv243-a4m36jee-2016-security-seminar | action=test | passed=true
2025-10-22 21:21:00 | WARN | repo=pv243-a4m36jee-2016-security-seminar | action=commit
2025-05-10 14:36:00 | DEBUG | repo=pv243-a4m36jee-2016-security-seminar | action=commit
2025-02-14 14:47:00 | DEBUG | repo=pv243-a4m36jee-2016-security-seminar | action=test | passed=true
2025-10-02 19:11:00 | INFO | repo=pv243-a4m36jee-2016-security-seminar | action=test | passed=true
2025-12-14 20:37:00 | DEBUG | repo=pv243-a4m36jee-2016-security-seminar | action=commit
2025-03-21 07:49:00 | WARN | repo=pv243-a4m36jee-2016-security-seminar | action=commit
2025-01-17 12:13:00 | DEBUG | repo=pv243-a4m36jee-2016-security-seminar | action=commit
2025-09-13 21:08:00 | INFO | repo=pv243-a4m36jee-2016-security-seminar | action=commit
2025-02-16 08:22:00 | WARN | repo=pv243-a4m36jee-2016-security-seminar | action=commit
2025-06-16 21:56:00 | WARN | repo=pv243-a4m36jee-2016-security-seminar | action=pull
2025-06-20 08:33:00 | DEBUG | repo=pv243-a4m36jee-2016-security-seminar | action=commit
2025-11-11 18:28:00 | WARN | repo=pv243-a4m36jee-2016-security-seminar | action=commit
2025-05-09 17:20:00 | DEBUG | repo=pv243-a4m36jee-2016-security-seminar | action=pull
2025-12-02 12:49:00 | INFO | repo=pv243-a4m36jee-2016-security-seminar | action=commit
2025-11-23 07:25:00 | DEBUG | repo=pv243-a4m36jee-2016-security-seminar | action=commit
2025-07-04 08:58:00 | WARN | repo=pv243-a4m36jee-2016-security-seminar | action=commit
2025-07-16 07:07:00 | WARN | repo=pv243-a4m36jee-2016-security-seminar | action=commit
2025-10-11 21:48:00 | INFO | repo=pv243-a4m36jee-2016-security-seminar | action=commit
2025-08-15 17:11:00 | INFO | repo=pv243-a4m36jee-2016-security-seminar | action=commit
2025-12-12 13:29:00 | INFO | repo=pv243-a4m36jee-2016-security-seminar | action=test | passed=true
2025-11-20 20:25:00 | DEBUG | repo=pv243-a4m36jee-2016-security-seminar | action=commit
2025-05-03 18:34:00 | WARN | repo=pv243-a4m36jee-2016-security-seminar | action=commit
2025-07-10 08:30:00 | WARN | repo=pv243-a4m36jee-2016-security-seminar | action=commit
2025-11-22 15:00:00 | INFO | repo=pv243-a4m36jee-2016-security-seminar | action=commit
2025-06-16 12:35:00 | WARN | repo=pv243-a4m36jee-2016-security-seminar | action=commit
2025-02-14 14:08:00 | DEBUG | repo=pv243-a4m36jee-2016-security-seminar | action=commit
2025-02-10 16:35:00 | INFO | repo=pv243-a4m36jee-2016-security-seminar | action=commit
2025-02-22 16:03:00 | INFO | repo=pv243-a4m36jee-2016-security-seminar | action=commit
2025-06-11 08:50:00 | DEBUG | repo=pv243-a4m36jee-2016-security-seminar | action=test | passed=true
2025-05-20 17:26:00 | WARN | repo=pv243-a4m36jee-2016-security-seminar | action=commit
2025-04-14 21:14:00 | WARN | repo=pv243-a4m36jee-2016-security-seminar | action=commit
2025-05-19 08:12:00 | DEBUG | repo=pv243-a4m36jee-2016-security-seminar | action=test | passed=true
2025-06-15 20:52:00 | DEBUG | repo=pv243-a4m36jee-2016-security-seminar | action=test | passed=true
2025-11-14 17:21:00 | WARN | repo=pv243-a4m36jee-2016-security-seminar | action=commit
2025-01-15 08:45:00 | DEBUG | repo=pv243-a4m36jee-2016-security-seminar | action=commit
2025-11-04 10:52:00 | WARN | repo=pv243-a4m36jee-2016-security-seminar | action=commit
2025-08-17 12:32:00 | DEBUG | repo=pv243-a4m36jee-2016-security-seminar | action=pull
2025-03-02 19:07:00 | DEBUG | repo=pv243-a4m36jee-2016-security-seminar | action=commit
2025-01-26 16:09:00 | INFO | repo=pv243-a4m36jee-2016-security-seminar | action=commit
2025-08-25 17:36:00 | WARN | repo=pv243-a4m36jee-2016-security-seminar | action=commit
2025-01-02 09:34:00 | WARN | repo=pv243-a4m36jee-2016-security-seminar | action=pull
2025-10-22 15:01:00 | DEBUG | repo=pv243-a4m36jee-2016-security-seminar | action=commit
2025-01-03 18:00:00 | WARN | repo=pv243-a4m36jee-2016-security-seminar | action=commit
2025-06-25 15:56:00 | WARN | repo=pv243-a4m36jee-2016-security-seminar | action=commit
2025-12-20 13:49:00 | WARN | repo=pv243-a4m36jee-2016-security-seminar | action=pull
2025-12-22 13:13:00 | DEBUG | repo=pv243-a4m36jee-2016-security-seminar | action=test | passed=true
2025-03-26 15:10:00 | DEBUG | repo=pv243-a4m36jee-2016-security-seminar | action=edit | files=4
2025-01-04 20:09:00 | WARN | repo=pv243-a4m36jee-2016-security-seminar | action=edit | files=2
2025-12-14 07:02:00 | INFO | repo=pv243-a4m36jee-2016-security-seminar | action=test | passed=true
2025-11-27 19:31:00 | WARN | repo=pv243-a4m36jee-2016-security-seminar | action=commit
2025-04-01 11:24:00 | WARN | repo=pv243-a4m36jee-2016-security-seminar | action=commit
2025-07-19 19:47:00 | WARN | repo=pv243-a4m36jee-2016-security-seminar | action=edit | files=3
2025-12-10 07:37:00 | DEBUG | repo=pv243-a4m36jee-2016-security-seminar | action=commit
2025-11-24 13:40:00 | WARN | repo=pv243-a4m36jee-2016-security-seminar | action=commit
2025-09-13 09:02:00 | DEBUG | repo=pv243-a4m36jee-2016-security-seminar | action=commit
2025-10-21 08:48:00 | DEBUG | repo=pv243-a4m36jee-2016-security-seminar | action=pull
2025-11-25 12:58:00 | DEBUG | repo=pv243-a4m36jee-2016-security-seminar | action=test | passed=true
2025-01-12 14:43:00 | WARN | repo=pv243-a4m36jee-2016-security-seminar | action=commit
2025-05-21 15:03:00 | INFO | repo=pv243-a4m36jee-2016-security-seminar | action=pull
2025-07-05 13:11:00 | INFO | repo=pv243-a4m36jee-2016-security-seminar | action=edit | files=3
2025-06-11 08:23:00 | INFO | repo=pv243-a4m36jee-2016-security-seminar | action=pull
2025-06-12 13:09:00 | INFO | repo=pv243-a4m36jee-2016-security-seminar | action=commit
2025-08-20 10:17:00 | WARN | repo=pv243-a4m36jee-2016-security-seminar | action=test | passed=true
2025-09-23 18:17:00 | INFO | repo=pv243-a4m36jee-2016-security-seminar | action=commit
2025-09-11 13:48:00 | WARN | repo=pv243-a4m36jee-2016-security-seminar | action=edit | files=5
2025-10-15 08:14:00 | DEBUG | repo=pv243-a4m36jee-2016-security-seminar | action=commit
2025-04-22 20:49:00 | DEBUG | repo=pv243-a4m36jee-2016-security-seminar | action=test | passed=true
2025-02-17 20:19:00 | INFO | repo=pv243-a4m36jee-2016-security-seminar | action=commit
